<?xml version="1.0" encoding="UTF-8"?>
<!-- Generated by org.testng.reporters.JUnitXMLReporter -->
<testsuite hostname="DESKTOP-5SIDTFG" failures="0" tests="1" name="Test" time="0.036" errors="0" timestamp="25 Feb 2024 17:00:16 GMT">
  <testcase classname="todos.tests.NopCommerceLoginTest" name="@BeforeMethod setupTest" time="0.0">
    <failure type="java.lang.NullPointerException" message="Cannot invoke &amp;quot;org.openqa.selenium.WebDriver.get(String)&amp;quot; because &amp;quot;todos.utils.Setup.driver&amp;quot; is null">
      <![CDATA[java.lang.NullPointerException: Cannot invoke "org.openqa.selenium.WebDriver.get(String)" because "todos.utils.Setup.driver" is null
	at todos.utils.Setup.setupTest(Setup.java:22)
... Removed 26 stack frames]]>
    </failure>
  </testcase> <!-- @BeforeMethod setupTest -->
  <testcase classname="todos.tests.NopCommerceLoginTest" name="@AfterMethod cleanTest" time="0.0">
    <skipped/>
  </testcase> <!-- @AfterMethod cleanTest -->
  <testcase classname="todos.tests.NopCommerceLoginTest" name="SeConnecter" time="0.001">
    <skipped/>
  </testcase> <!-- SeConnecter -->
</testsuite> <!-- Test -->
